{"C:\\Users\\Mekaniker\\university\\sem4\\MPP\\Nook\\nook\\src\\assets\\Decoration1.svg": {"path":"C:\\Users\\Mekaniker\\university\\sem4\\MPP\\Nook\\nook\\src\\assets\\Decoration1.svg","statementMap":{},"fnMap":{},"branchMap":{},"s":{},"f":{},"b":{},"meta":{"lastBranch":0,"lastFunction":0,"lastStatement":0,"seen":{}}}
,"C:\\Users\\Mekaniker\\university\\sem4\\MPP\\Nook\\nook\\src\\assets\\logo.svg": {"path":"C:\\Users\\Mekaniker\\university\\sem4\\MPP\\Nook\\nook\\src\\assets\\logo.svg","statementMap":{},"fnMap":{},"branchMap":{},"s":{},"f":{},"b":{},"meta":{"lastBranch":0,"lastFunction":0,"lastStatement":0,"seen":{}}}
,"C:\\Users\\Mekaniker\\university\\sem4\\MPP\\Nook\\nook\\src\\components\\MainLayout\\MainLayout.tsx": {"path":"C:\\Users\\Mekaniker\\university\\sem4\\MPP\\Nook\\nook\\src\\components\\MainLayout\\MainLayout.tsx","statementMap":{"0":{"start":{"line":7,"column":24},"end":{"line":7,"column":57}},"1":{"start":{"line":9,"column":8},"end":{"line":9,"column":66}},"2":{"start":{"line":9,"column":36},"end":{"line":9,"column":66}},"3":{"start":{"line":11,"column":2},"end":{"line":23,"column":null}},"4":{"start":{"line":17,"column":23},"end":{"line":17,"column":44}}},"fnMap":{"0":{"name":"MainLayout","decl":{"start":{"line":6,"column":9},"end":{"line":6,"column":20}},"loc":{"start":{"line":6,"column":65},"end":{"line":23,"column":null}},"line":6},"1":{"name":"(anonymous_1)","decl":{"start":{"line":9,"column":8},"end":{"line":9,"column":36}},"loc":{"start":{"line":9,"column":36},"end":{"line":9,"column":66}},"line":9},"2":{"name":"(anonymous_2)","decl":{"start":{"line":17,"column":8},"end":{"line":17,"column":23}},"loc":{"start":{"line":17,"column":23},"end":{"line":17,"column":44}},"line":17}},"branchMap":{},"s":{"0":27,"1":27,"2":3,"3":27,"4":1},"f":{"0":27,"1":3,"2":1},"b":{},"meta":{"lastBranch":0,"lastFunction":3,"lastStatement":5,"seen":{"f:6:9:6:20":0,"s:7:24:7:57":0,"s:9:8:9:66":1,"f:9:8:9:36":1,"s:9:36:9:66":2,"s:11:2:23:Infinity":3,"f:17:8:17:23":2,"s:17:23:17:44":4}}}
,"C:\\Users\\Mekaniker\\university\\sem4\\MPP\\Nook\\nook\\src\\components\\MenuButton\\MenuButton.css": {"path":"C:\\Users\\Mekaniker\\university\\sem4\\MPP\\Nook\\nook\\src\\components\\MenuButton\\MenuButton.css","statementMap":{},"fnMap":{},"branchMap":{},"s":{},"f":{},"b":{},"meta":{"lastBranch":0,"lastFunction":0,"lastStatement":0,"seen":{}}}
,"C:\\Users\\Mekaniker\\university\\sem4\\MPP\\Nook\\nook\\src\\components\\MenuButton\\MenuButton.tsx": {"path":"C:\\Users\\Mekaniker\\university\\sem4\\MPP\\Nook\\nook\\src\\components\\MenuButton\\MenuButton.tsx","statementMap":{"0":{"start":{"line":7,"column":6},"end":{"line":12,"column":null}},"1":{"start":{"line":8,"column":4},"end":{"line":12,"column":null}}},"fnMap":{"0":{"name":"(anonymous_0)","decl":{"start":{"line":7,"column":6},"end":{"line":7,"column":48}},"loc":{"start":{"line":7,"column":63},"end":{"line":12,"column":null}},"line":7}},"branchMap":{},"s":{"0":4,"1":20},"f":{"0":20},"b":{},"meta":{"lastBranch":0,"lastFunction":1,"lastStatement":2,"seen":{"s:7:6:12:Infinity":0,"f:7:6:7:48":0,"s:8:4:12:Infinity":1}}}
,"C:\\Users\\Mekaniker\\university\\sem4\\MPP\\Nook\\nook\\src\\components\\Sidebar\\Sidebar.css": {"path":"C:\\Users\\Mekaniker\\university\\sem4\\MPP\\Nook\\nook\\src\\components\\Sidebar\\Sidebar.css","statementMap":{},"fnMap":{},"branchMap":{},"s":{},"f":{},"b":{},"meta":{"lastBranch":0,"lastFunction":0,"lastStatement":0,"seen":{}}}
,"C:\\Users\\Mekaniker\\university\\sem4\\MPP\\Nook\\nook\\src\\components\\Sidebar\\Sidebar.tsx": {"path":"C:\\Users\\Mekaniker\\university\\sem4\\MPP\\Nook\\nook\\src\\components\\Sidebar\\Sidebar.tsx","statementMap":{"0":{"start":{"line":10,"column":6},"end":{"line":49,"column":null}},"1":{"start":{"line":11,"column":8},"end":{"line":11,"column":49}},"2":{"start":{"line":13,"column":2},"end":{"line":24,"column":null}},"3":{"start":{"line":15,"column":6},"end":{"line":19,"column":null}},"4":{"start":{"line":19,"column":8},"end":{"line":19,"column":null}},"5":{"start":{"line":22,"column":4},"end":{"line":22,"column":null}},"6":{"start":{"line":23,"column":4},"end":{"line":23,"column":null}},"7":{"start":{"line":23,"column":17},"end":{"line":23,"column":78}},"8":{"start":{"line":26,"column":2},"end":{"line":49,"column":null}}},"fnMap":{"0":{"name":"(anonymous_0)","decl":{"start":{"line":10,"column":6},"end":{"line":10,"column":41}},"loc":{"start":{"line":10,"column":77},"end":{"line":49,"column":null}},"line":10},"1":{"name":"(anonymous_1)","decl":{"start":{"line":13,"column":2},"end":{"line":13,"column":18}},"loc":{"start":{"line":13,"column":18},"end":{"line":24,"column":6}},"line":13},"2":{"name":"handleClickOutside","decl":{"start":{"line":14,"column":13},"end":{"line":14,"column":32}},"loc":{"start":{"line":14,"column":51},"end":{"line":19,"column":null}},"line":14},"3":{"name":"(anonymous_3)","decl":{"start":{"line":23,"column":4},"end":{"line":23,"column":17}},"loc":{"start":{"line":23,"column":17},"end":{"line":23,"column":78}},"line":23},"4":{"name":"(anonymous_4)","decl":{"start":{"line":34,"column":20},"end":{"line":34,"column":35}},"loc":{"start":{"line":34,"column":35},"end":{"line":34,"column":39}},"line":34},"5":{"name":"(anonymous_5)","decl":{"start":{"line":35,"column":20},"end":{"line":35,"column":35}},"loc":{"start":{"line":35,"column":35},"end":{"line":35,"column":39}},"line":35},"6":{"name":"(anonymous_6)","decl":{"start":{"line":36,"column":20},"end":{"line":36,"column":35}},"loc":{"start":{"line":36,"column":35},"end":{"line":36,"column":39}},"line":36},"7":{"name":"(anonymous_7)","decl":{"start":{"line":37,"column":20},"end":{"line":37,"column":35}},"loc":{"start":{"line":37,"column":35},"end":{"line":37,"column":39}},"line":37},"8":{"name":"(anonymous_8)","decl":{"start":{"line":38,"column":39},"end":{"line":38,"column":54}},"loc":{"start":{"line":38,"column":54},"end":{"line":38,"column":58}},"line":38},"9":{"name":"(anonymous_9)","decl":{"start":{"line":44,"column":20},"end":{"line":44,"column":35}},"loc":{"start":{"line":44,"column":35},"end":{"line":44,"column":39}},"line":44},"10":{"name":"(anonymous_10)","decl":{"start":{"line":45,"column":20},"end":{"line":45,"column":35}},"loc":{"start":{"line":45,"column":35},"end":{"line":45,"column":39}},"line":45},"11":{"name":"(anonymous_11)","decl":{"start":{"line":46,"column":20},"end":{"line":46,"column":35}},"loc":{"start":{"line":46,"column":35},"end":{"line":46,"column":39}},"line":46}},"branchMap":{"0":{"loc":{"start":{"line":15,"column":6},"end":{"line":19,"column":null}},"type":"if","locations":[{"start":{"line":15,"column":6},"end":{"line":19,"column":null}},{"start":{},"end":{}}],"line":15},"1":{"loc":{"start":{"line":16,"column":8},"end":{"line":17,"column":58}},"type":"binary-expr","locations":[{"start":{"line":16,"column":8},"end":{"line":16,"column":null}},{"start":{"line":17,"column":8},"end":{"line":17,"column":58}}],"line":16},"2":{"loc":{"start":{"line":27,"column":50},"end":{"line":27,"column":null}},"type":"cond-expr","locations":[{"start":{"line":27,"column":59},"end":{"line":27,"column":68}},{"start":{"line":27,"column":68},"end":{"line":27,"column":null}}],"line":27},"3":{"loc":{"start":{"line":32,"column":9},"end":{"line":49,"column":null}},"type":"cond-expr","locations":[{"start":{"line":33,"column":10},"end":{"line":43,"column":11}},{"start":{"line":43,"column":10},"end":{"line":49,"column":null}}],"line":32}},"s":{"0":5,"1":24,"2":24,"3":2,"4":1,"5":24,"6":24,"7":24,"8":24},"f":{"0":24,"1":24,"2":2,"3":24,"4":1,"5":1,"6":1,"7":1,"8":1,"9":1,"10":1,"11":1},"b":{"0":[1,1],"1":[2,2],"2":[3,21],"3":[2,22]},"meta":{"lastBranch":4,"lastFunction":12,"lastStatement":9,"seen":{"s:10:6:49:Infinity":0,"f:10:6:10:41":0,"s:11:8:11:49":1,"s:13:2:24:Infinity":2,"f:13:2:13:18":1,"f:14:13:14:32":2,"b:15:6:19:Infinity:undefined:undefined:undefined:undefined":0,"s:15:6:19:Infinity":3,"b:16:8:16:Infinity:17:8:17:58":1,"s:19:8:19:Infinity":4,"s:22:4:22:Infinity":5,"s:23:4:23:Infinity":6,"f:23:4:23:17":3,"s:23:17:23:78":7,"s:26:2:49:Infinity":8,"b:27:59:27:68:27:68:27:Infinity":2,"b:33:10:43:11:43:10:49:Infinity":3,"f:34:20:34:35":4,"f:35:20:35:35":5,"f:36:20:36:35":6,"f:37:20:37:35":7,"f:38:39:38:54":8,"f:44:20:44:35":9,"f:45:20:45:35":10,"f:46:20:46:35":11}}}
,"C:\\Users\\Mekaniker\\university\\sem4\\MPP\\Nook\\nook\\src\\components\\SuccessWindow\\SuccessWindow.css": {"path":"C:\\Users\\Mekaniker\\university\\sem4\\MPP\\Nook\\nook\\src\\components\\SuccessWindow\\SuccessWindow.css","statementMap":{},"fnMap":{},"branchMap":{},"s":{},"f":{},"b":{},"meta":{"lastBranch":0,"lastFunction":0,"lastStatement":0,"seen":{}}}
,"C:\\Users\\Mekaniker\\university\\sem4\\MPP\\Nook\\nook\\src\\components\\SuccessWindow\\SuccessWindow.tsx": {"path":"C:\\Users\\Mekaniker\\university\\sem4\\MPP\\Nook\\nook\\src\\components\\SuccessWindow\\SuccessWindow.tsx","statementMap":{"0":{"start":{"line":11,"column":6},"end":{"line":25,"column":null}},"1":{"start":{"line":13,"column":2},"end":{"line":13,"column":null}},"2":{"start":{"line":13,"column":15},"end":{"line":13,"column":null}},"3":{"start":{"line":15,"column":2},"end":{"line":25,"column":null}}},"fnMap":{"0":{"name":"(anonymous_0)","decl":{"start":{"line":11,"column":6},"end":{"line":11,"column":53}},"loc":{"start":{"line":11,"column":86},"end":{"line":25,"column":null}},"line":11}},"branchMap":{"0":{"loc":{"start":{"line":13,"column":2},"end":{"line":13,"column":null}},"type":"if","locations":[{"start":{"line":13,"column":2},"end":{"line":13,"column":null}},{"start":{},"end":{}}],"line":13}},"s":{"0":1,"1":9,"2":8,"3":1},"f":{"0":9},"b":{"0":[8,1]},"meta":{"lastBranch":1,"lastFunction":1,"lastStatement":4,"seen":{"s:11:6:25:Infinity":0,"f:11:6:11:53":0,"b:13:2:13:Infinity:undefined:undefined:undefined:undefined":0,"s:13:2:13:Infinity":1,"s:13:15:13:Infinity":2,"s:15:2:25:Infinity":3}}}
,"C:\\Users\\Mekaniker\\university\\sem4\\MPP\\Nook\\nook\\src\\pages\\Presentation\\Presentation.css": {"path":"C:\\Users\\Mekaniker\\university\\sem4\\MPP\\Nook\\nook\\src\\pages\\Presentation\\Presentation.css","statementMap":{},"fnMap":{},"branchMap":{},"s":{},"f":{},"b":{},"meta":{"lastBranch":0,"lastFunction":0,"lastStatement":0,"seen":{}}}
,"C:\\Users\\Mekaniker\\university\\sem4\\MPP\\Nook\\nook\\src\\pages\\Presentation\\Presentation.tsx": {"path":"C:\\Users\\Mekaniker\\university\\sem4\\MPP\\Nook\\nook\\src\\pages\\Presentation\\Presentation.tsx","statementMap":{"0":{"start":{"line":6,"column":10},"end":{"line":6,"column":40}},"1":{"start":{"line":8,"column":2},"end":{"line":33,"column":null}},"2":{"start":{"line":30,"column":27},"end":{"line":30,"column":46}}},"fnMap":{"0":{"name":"Presentation","decl":{"start":{"line":5,"column":9},"end":{"line":5,"column":24}},"loc":{"start":{"line":5,"column":24},"end":{"line":33,"column":null}},"line":5},"1":{"name":"(anonymous_1)","decl":{"start":{"line":30,"column":12},"end":{"line":30,"column":27}},"loc":{"start":{"line":30,"column":27},"end":{"line":30,"column":46}},"line":30}},"branchMap":{},"s":{"0":2,"1":2,"2":1},"f":{"0":2,"1":1},"b":{},"meta":{"lastBranch":0,"lastFunction":2,"lastStatement":3,"seen":{"f:5:9:5:24":0,"s:6:10:6:40":0,"s:8:2:33:Infinity":1,"f:30:12:30:27":1,"s:30:27:30:46":2}}}
,"C:\\Users\\Mekaniker\\university\\sem4\\MPP\\Nook\\nook\\src\\pages\\RoomCreate\\RoomCreate.css": {"path":"C:\\Users\\Mekaniker\\university\\sem4\\MPP\\Nook\\nook\\src\\pages\\RoomCreate\\RoomCreate.css","statementMap":{},"fnMap":{},"branchMap":{},"s":{},"f":{},"b":{},"meta":{"lastBranch":0,"lastFunction":0,"lastStatement":0,"seen":{}}}
,"C:\\Users\\Mekaniker\\university\\sem4\\MPP\\Nook\\nook\\src\\pages\\RoomCreate\\RoomCreate.tsx": {"path":"C:\\Users\\Mekaniker\\university\\sem4\\MPP\\Nook\\nook\\src\\pages\\RoomCreate\\RoomCreate.tsx","statementMap":{"0":{"start":{"line":9,"column":10},"end":{"line":9,"column":40}},"1":{"start":{"line":10,"column":57},"end":{"line":10,"column":83}},"2":{"start":{"line":12,"column":15},"end":{"line":12,"column":38}},"3":{"start":{"line":13,"column":22},"end":{"line":13,"column":52}},"4":{"start":{"line":14,"column":17},"end":{"line":14,"column":48}},"5":{"start":{"line":15,"column":22},"end":{"line":15,"column":55}},"6":{"start":{"line":17,"column":8},"end":{"line":20,"column":null}},"7":{"start":{"line":19,"column":4},"end":{"line":20,"column":null}},"8":{"start":{"line":20,"column":6},"end":{"line":20,"column":null}},"9":{"start":{"line":24,"column":2},"end":{"line":97,"column":null}},"10":{"start":{"line":29,"column":62},"end":{"line":29,"column":81}},"11":{"start":{"line":46,"column":33},"end":{"line":46,"column":56}},"12":{"start":{"line":68,"column":33},"end":{"line":68,"column":63}},"13":{"start":{"line":81,"column":35},"end":{"line":81,"column":60}},"14":{"start":{"line":94,"column":23},"end":{"line":94,"column":42}}},"fnMap":{"0":{"name":"RoomCreate","decl":{"start":{"line":8,"column":9},"end":{"line":8,"column":22}},"loc":{"start":{"line":8,"column":22},"end":{"line":97,"column":null}},"line":8},"1":{"name":"(anonymous_1)","decl":{"start":{"line":17,"column":8},"end":{"line":17,"column":29}},"loc":{"start":{"line":17,"column":29},"end":{"line":20,"column":null}},"line":17},"2":{"name":"(anonymous_2)","decl":{"start":{"line":29,"column":47},"end":{"line":29,"column":62}},"loc":{"start":{"line":29,"column":62},"end":{"line":29,"column":81}},"line":29},"3":{"name":"(anonymous_3)","decl":{"start":{"line":46,"column":16},"end":{"line":46,"column":27}},"loc":{"start":{"line":46,"column":33},"end":{"line":46,"column":56}},"line":46},"4":{"name":"(anonymous_4)","decl":{"start":{"line":68,"column":16},"end":{"line":68,"column":27}},"loc":{"start":{"line":68,"column":33},"end":{"line":68,"column":63}},"line":68},"5":{"name":"(anonymous_5)","decl":{"start":{"line":81,"column":18},"end":{"line":81,"column":29}},"loc":{"start":{"line":81,"column":35},"end":{"line":81,"column":60}},"line":81},"6":{"name":"(anonymous_6)","decl":{"start":{"line":94,"column":8},"end":{"line":94,"column":23}},"loc":{"start":{"line":94,"column":23},"end":{"line":94,"column":42}},"line":94}},"branchMap":{"0":{"loc":{"start":{"line":19,"column":4},"end":{"line":20,"column":null}},"type":"if","locations":[{"start":{"line":19,"column":4},"end":{"line":20,"column":null}},{"start":{},"end":{}}],"line":19},"1":{"loc":{"start":{"line":44,"column":41},"end":{"line":44,"column":null}},"type":"cond-expr","locations":[{"start":{"line":44,"column":55},"end":{"line":44,"column":71}},{"start":{"line":44,"column":71},"end":{"line":44,"column":null}}],"line":44},"2":{"loc":{"start":{"line":49,"column":15},"end":{"line":49,"column":null}},"type":"binary-expr","locations":[{"start":{"line":49,"column":15},"end":{"line":49,"column":30}},{"start":{"line":49,"column":30},"end":{"line":49,"column":null}}],"line":49},"3":{"loc":{"start":{"line":66,"column":44},"end":{"line":66,"column":null}},"type":"cond-expr","locations":[{"start":{"line":66,"column":58},"end":{"line":66,"column":74}},{"start":{"line":66,"column":74},"end":{"line":66,"column":null}}],"line":66},"4":{"loc":{"start":{"line":71,"column":15},"end":{"line":71,"column":null}},"type":"binary-expr","locations":[{"start":{"line":71,"column":15},"end":{"line":71,"column":30}},{"start":{"line":71,"column":30},"end":{"line":71,"column":null}}],"line":71}},"s":{"0":9,"1":9,"2":9,"3":9,"4":9,"5":9,"6":9,"7":2,"8":1,"9":9,"10":1,"11":1,"12":1,"13":1,"14":1},"f":{"0":9,"1":2,"2":1,"3":1,"4":1,"5":1,"6":1},"b":{"0":[1,1],"1":[1,8],"2":[9,1],"3":[1,8],"4":[9,1]},"meta":{"lastBranch":5,"lastFunction":7,"lastStatement":15,"seen":{"f:8:9:8:22":0,"s:9:10:9:40":0,"s:10:57:10:83":1,"s:12:15:12:38":2,"s:13:22:13:52":3,"s:14:17:14:48":4,"s:15:22:15:55":5,"s:17:8:20:Infinity":6,"f:17:8:17:29":1,"b:19:4:20:Infinity:undefined:undefined:undefined:undefined":0,"s:19:4:20:Infinity":7,"s:20:6:20:Infinity":8,"s:24:2:97:Infinity":9,"f:29:47:29:62":2,"s:29:62:29:81":10,"b:44:55:44:71:44:71:44:Infinity":1,"f:46:16:46:27":3,"s:46:33:46:56":11,"b:49:15:49:30:49:30:49:Infinity":2,"b:66:58:66:74:66:74:66:Infinity":3,"f:68:16:68:27":4,"s:68:33:68:63":12,"b:71:15:71:30:71:30:71:Infinity":4,"f:81:18:81:29":5,"s:81:35:81:60":13,"f:94:8:94:23":6,"s:94:23:94:42":14}}}
,"C:\\Users\\Mekaniker\\university\\sem4\\MPP\\Nook\\nook\\src\\pages\\RoomDetail\\RoomDetail.css": {"path":"C:\\Users\\Mekaniker\\university\\sem4\\MPP\\Nook\\nook\\src\\pages\\RoomDetail\\RoomDetail.css","statementMap":{},"fnMap":{},"branchMap":{},"s":{},"f":{},"b":{},"meta":{"lastBranch":0,"lastFunction":0,"lastStatement":0,"seen":{}}}
,"C:\\Users\\Mekaniker\\university\\sem4\\MPP\\Nook\\nook\\src\\pages\\RoomDetail\\RoomDetail.tsx": {"path":"C:\\Users\\Mekaniker\\university\\sem4\\MPP\\Nook\\nook\\src\\pages\\RoomDetail\\RoomDetail.tsx","statementMap":{"0":{"start":{"line":7,"column":10},"end":{"line":7,"column":40}},"1":{"start":{"line":8,"column":16},"end":{"line":8,"column":47}},"2":{"start":{"line":10,"column":2},"end":{"line":21,"column":null}},"3":{"start":{"line":11,"column":4},"end":{"line":21,"column":null}},"4":{"start":{"line":16,"column":66},"end":{"line":16,"column":85}},"5":{"start":{"line":25,"column":2},"end":{"line":73,"column":null}},"6":{"start":{"line":30,"column":62},"end":{"line":30,"column":81}}},"fnMap":{"0":{"name":"RoomDetail","decl":{"start":{"line":6,"column":9},"end":{"line":6,"column":22}},"loc":{"start":{"line":6,"column":22},"end":{"line":73,"column":null}},"line":6},"1":{"name":"(anonymous_1)","decl":{"start":{"line":16,"column":51},"end":{"line":16,"column":66}},"loc":{"start":{"line":16,"column":66},"end":{"line":16,"column":85}},"line":16},"2":{"name":"(anonymous_2)","decl":{"start":{"line":30,"column":47},"end":{"line":30,"column":62}},"loc":{"start":{"line":30,"column":62},"end":{"line":30,"column":81}},"line":30}},"branchMap":{"0":{"loc":{"start":{"line":10,"column":2},"end":{"line":21,"column":null}},"type":"if","locations":[{"start":{"line":10,"column":2},"end":{"line":21,"column":null}},{"start":{},"end":{}}],"line":10},"1":{"loc":{"start":{"line":65,"column":57},"end":{"line":65,"column":110}},"type":"binary-expr","locations":[{"start":{"line":65,"column":57},"end":{"line":65,"column":77}},{"start":{"line":65,"column":77},"end":{"line":65,"column":110}}],"line":65}},"s":{"0":3,"1":3,"2":3,"3":1,"4":1,"5":2,"6":1},"f":{"0":3,"1":1,"2":1},"b":{"0":[1,2],"1":[2,1]},"meta":{"lastBranch":2,"lastFunction":3,"lastStatement":7,"seen":{"f:6:9:6:22":0,"s:7:10:7:40":0,"s:8:16:8:47":1,"b:10:2:21:Infinity:undefined:undefined:undefined:undefined":0,"s:10:2:21:Infinity":2,"s:11:4:21:Infinity":3,"f:16:51:16:66":1,"s:16:66:16:85":4,"s:25:2:73:Infinity":5,"f:30:47:30:62":2,"s:30:62:30:81":6,"b:65:57:65:77:65:77:65:110":1}}}
,"C:\\Users\\Mekaniker\\university\\sem4\\MPP\\Nook\\nook\\src\\pages\\RoomEdit\\RoomEdit.css": {"path":"C:\\Users\\Mekaniker\\university\\sem4\\MPP\\Nook\\nook\\src\\pages\\RoomEdit\\RoomEdit.css","statementMap":{},"fnMap":{},"branchMap":{},"s":{},"f":{},"b":{},"meta":{"lastBranch":0,"lastFunction":0,"lastStatement":0,"seen":{}}}
,"C:\\Users\\Mekaniker\\university\\sem4\\MPP\\Nook\\nook\\src\\pages\\RoomEdit\\RoomEdit.tsx": {"path":"C:\\Users\\Mekaniker\\university\\sem4\\MPP\\Nook\\nook\\src\\pages\\RoomEdit\\RoomEdit.tsx","statementMap":{"0":{"start":{"line":7,"column":10},"end":{"line":7,"column":40}},"1":{"start":{"line":20,"column":4},"end":{"line":21,"column":19}},"2":{"start":{"line":23,"column":2},"end":{"line":29,"column":null}},"3":{"start":{"line":24,"column":4},"end":{"line":29,"column":null}},"4":{"start":{"line":33,"column":8},"end":{"line":34,"column":null}},"5":{"start":{"line":34,"column":4},"end":{"line":34,"column":null}},"6":{"start":{"line":34,"column":16},"end":{"line":34,"column":null}},"7":{"start":{"line":37,"column":2},"end":{"line":109,"column":null}},"8":{"start":{"line":44,"column":29},"end":{"line":44,"column":48}},"9":{"start":{"line":61,"column":33},"end":{"line":61,"column":null}},"10":{"start":{"line":86,"column":33},"end":{"line":86,"column":null}},"11":{"start":{"line":99,"column":18},"end":{"line":99,"column":67}}},"fnMap":{"0":{"name":"RoomEdit","decl":{"start":{"line":6,"column":9},"end":{"line":6,"column":20}},"loc":{"start":{"line":6,"column":20},"end":{"line":109,"column":null}},"line":6},"1":{"name":"(anonymous_1)","decl":{"start":{"line":33,"column":8},"end":{"line":33,"column":27}},"loc":{"start":{"line":33,"column":27},"end":{"line":34,"column":null}},"line":33},"2":{"name":"(anonymous_2)","decl":{"start":{"line":44,"column":14},"end":{"line":44,"column":29}},"loc":{"start":{"line":44,"column":29},"end":{"line":44,"column":48}},"line":44},"3":{"name":"(anonymous_3)","decl":{"start":{"line":61,"column":16},"end":{"line":61,"column":27}},"loc":{"start":{"line":61,"column":33},"end":{"line":61,"column":null}},"line":61},"4":{"name":"(anonymous_4)","decl":{"start":{"line":86,"column":16},"end":{"line":86,"column":27}},"loc":{"start":{"line":86,"column":33},"end":{"line":86,"column":null}},"line":86},"5":{"name":"(anonymous_5)","decl":{"start":{"line":98,"column":16},"end":{"line":98,"column":27}},"loc":{"start":{"line":99,"column":18},"end":{"line":99,"column":67}},"line":99}},"branchMap":{"0":{"loc":{"start":{"line":23,"column":2},"end":{"line":29,"column":null}},"type":"if","locations":[{"start":{"line":23,"column":2},"end":{"line":29,"column":null}},{"start":{},"end":{}}],"line":23},"1":{"loc":{"start":{"line":34,"column":4},"end":{"line":34,"column":null}},"type":"if","locations":[{"start":{"line":34,"column":4},"end":{"line":34,"column":null}},{"start":{},"end":{}}],"line":34},"2":{"loc":{"start":{"line":59,"column":41},"end":{"line":59,"column":null}},"type":"cond-expr","locations":[{"start":{"line":59,"column":55},"end":{"line":59,"column":71}},{"start":{"line":59,"column":71},"end":{"line":59,"column":null}}],"line":59},"3":{"loc":{"start":{"line":63,"column":15},"end":{"line":64,"column":null}},"type":"binary-expr","locations":[{"start":{"line":63,"column":15},"end":{"line":63,"column":null}},{"start":{"line":64,"column":16},"end":{"line":64,"column":null}}],"line":63},"4":{"loc":{"start":{"line":84,"column":44},"end":{"line":84,"column":null}},"type":"cond-expr","locations":[{"start":{"line":84,"column":58},"end":{"line":84,"column":74}},{"start":{"line":84,"column":74},"end":{"line":84,"column":null}}],"line":84},"5":{"loc":{"start":{"line":88,"column":15},"end":{"line":89,"column":null}},"type":"binary-expr","locations":[{"start":{"line":88,"column":15},"end":{"line":88,"column":null}},{"start":{"line":89,"column":16},"end":{"line":89,"column":null}}],"line":88}},"s":{"0":4,"1":4,"2":4,"3":1,"4":3,"5":2,"6":1,"7":3,"8":1,"9":1,"10":1,"11":1},"f":{"0":4,"1":2,"2":1,"3":1,"4":1,"5":1},"b":{"0":[1,3],"1":[1,1],"2":[1,2],"3":[4,1],"4":[1,2],"5":[4,1]},"meta":{"lastBranch":6,"lastFunction":6,"lastStatement":12,"seen":{"f:6:9:6:20":0,"s:7:10:7:40":0,"s:20:4:21:19":1,"b:23:2:29:Infinity:undefined:undefined:undefined:undefined":0,"s:23:2:29:Infinity":2,"s:24:4:29:Infinity":3,"s:33:8:34:Infinity":4,"f:33:8:33:27":1,"b:34:4:34:Infinity:undefined:undefined:undefined:undefined":1,"s:34:4:34:Infinity":5,"s:34:16:34:Infinity":6,"s:37:2:109:Infinity":7,"f:44:14:44:29":2,"s:44:29:44:48":8,"b:59:55:59:71:59:71:59:Infinity":2,"f:61:16:61:27":3,"s:61:33:61:Infinity":9,"b:63:15:63:Infinity:64:16:64:Infinity":3,"b:84:58:84:74:84:74:84:Infinity":4,"f:86:16:86:27":4,"s:86:33:86:Infinity":10,"b:88:15:88:Infinity:89:16:89:Infinity":5,"f:98:16:98:27":5,"s:99:18:99:67":11}}}
,"C:\\Users\\Mekaniker\\university\\sem4\\MPP\\Nook\\nook\\src\\pages\\RoomMaster\\RoomMaster.css": {"path":"C:\\Users\\Mekaniker\\university\\sem4\\MPP\\Nook\\nook\\src\\pages\\RoomMaster\\RoomMaster.css","statementMap":{},"fnMap":{},"branchMap":{},"s":{},"f":{},"b":{},"meta":{"lastBranch":0,"lastFunction":0,"lastStatement":0,"seen":{}}}
,"C:\\Users\\Mekaniker\\university\\sem4\\MPP\\Nook\\nook\\src\\pages\\RoomMaster\\RoomMaster.tsx": {"path":"C:\\Users\\Mekaniker\\university\\sem4\\MPP\\Nook\\nook\\src\\pages\\RoomMaster\\RoomMaster.tsx","statementMap":{"0":{"start":{"line":7,"column":10},"end":{"line":7,"column":40}},"1":{"start":{"line":19,"column":4},"end":{"line":20,"column":22}},"2":{"start":{"line":22,"column":8},"end":{"line":24,"column":null}},"3":{"start":{"line":23,"column":4},"end":{"line":23,"column":null}},"4":{"start":{"line":24,"column":4},"end":{"line":24,"column":null}},"5":{"start":{"line":27,"column":2},"end":{"line":88,"column":null}},"6":{"start":{"line":35,"column":29},"end":{"line":35,"column":49}},"7":{"start":{"line":41,"column":29},"end":{"line":41,"column":55}},"8":{"start":{"line":56,"column":14},"end":{"line":67,"column":null}},"9":{"start":{"line":61,"column":61},"end":{"line":61,"column":92}},"10":{"start":{"line":63,"column":62},"end":{"line":63,"column":91}},"11":{"start":{"line":65,"column":62},"end":{"line":65,"column":81}}},"fnMap":{"0":{"name":"RoomMaster","decl":{"start":{"line":6,"column":9},"end":{"line":6,"column":22}},"loc":{"start":{"line":6,"column":22},"end":{"line":88,"column":null}},"line":6},"1":{"name":"(anonymous_1)","decl":{"start":{"line":22,"column":8},"end":{"line":22,"column":24}},"loc":{"start":{"line":22,"column":70},"end":{"line":24,"column":null}},"line":22},"2":{"name":"(anonymous_2)","decl":{"start":{"line":35,"column":14},"end":{"line":35,"column":29}},"loc":{"start":{"line":35,"column":29},"end":{"line":35,"column":49}},"line":35},"3":{"name":"(anonymous_3)","decl":{"start":{"line":41,"column":14},"end":{"line":41,"column":29}},"loc":{"start":{"line":41,"column":29},"end":{"line":41,"column":55}},"line":41},"4":{"name":"(anonymous_4)","decl":{"start":{"line":55,"column":26},"end":{"line":55,"column":31}},"loc":{"start":{"line":56,"column":14},"end":{"line":67,"column":null}},"line":56},"5":{"name":"(anonymous_5)","decl":{"start":{"line":61,"column":47},"end":{"line":61,"column":61}},"loc":{"start":{"line":61,"column":61},"end":{"line":61,"column":92}},"line":61},"6":{"name":"(anonymous_6)","decl":{"start":{"line":63,"column":47},"end":{"line":63,"column":62}},"loc":{"start":{"line":63,"column":62},"end":{"line":63,"column":91}},"line":63},"7":{"name":"(anonymous_7)","decl":{"start":{"line":65,"column":47},"end":{"line":65,"column":62}},"loc":{"start":{"line":65,"column":62},"end":{"line":65,"column":81}},"line":65}},"branchMap":{"0":{"loc":{"start":{"line":58,"column":48},"end":{"line":58,"column":77}},"type":"binary-expr","locations":[{"start":{"line":58,"column":48},"end":{"line":58,"column":64}},{"start":{"line":58,"column":64},"end":{"line":58,"column":77}}],"line":58},"1":{"loc":{"start":{"line":59,"column":46},"end":{"line":59,"column":80}},"type":"binary-expr","locations":[{"start":{"line":59,"column":46},"end":{"line":59,"column":67}},{"start":{"line":59,"column":67},"end":{"line":59,"column":80}}],"line":59},"2":{"loc":{"start":{"line":73,"column":25},"end":{"line":73,"column":null}},"type":"cond-expr","locations":[{"start":{"line":73,"column":42},"end":{"line":73,"column":55}},{"start":{"line":73,"column":55},"end":{"line":73,"column":null}}],"line":73},"3":{"loc":{"start":{"line":79,"column":37},"end":{"line":79,"column":null}},"type":"binary-expr","locations":[{"start":{"line":79,"column":37},"end":{"line":79,"column":51}},{"start":{"line":79,"column":51},"end":{"line":79,"column":null}}],"line":79},"4":{"loc":{"start":{"line":82,"column":29},"end":{"line":82,"column":63}},"type":"cond-expr","locations":[{"start":{"line":82,"column":46},"end":{"line":82,"column":59}},{"start":{"line":82,"column":59},"end":{"line":82,"column":63}}],"line":82}},"s":{"0":4,"1":4,"2":4,"3":2,"4":2,"5":4,"6":1,"7":1,"8":3,"9":1,"10":1,"11":1},"f":{"0":4,"1":2,"2":1,"3":1,"4":3,"5":1,"6":1,"7":1},"b":{"0":[3,1],"1":[3,1],"2":[2,2],"3":[4,1],"4":[2,2]},"meta":{"lastBranch":5,"lastFunction":8,"lastStatement":12,"seen":{"f:6:9:6:22":0,"s:7:10:7:40":0,"s:19:4:20:22":1,"s:22:8:24:Infinity":2,"f:22:8:22:24":1,"s:23:4:23:Infinity":3,"s:24:4:24:Infinity":4,"s:27:2:88:Infinity":5,"f:35:14:35:29":2,"s:35:29:35:49":6,"f:41:14:41:29":3,"s:41:29:41:55":7,"f:55:26:55:31":4,"s:56:14:67:Infinity":8,"b:58:48:58:64:58:64:58:77":0,"b:59:46:59:67:59:67:59:80":1,"f:61:47:61:61":5,"s:61:61:61:92":9,"f:63:47:63:62":6,"s:63:62:63:91":10,"f:65:47:65:62":7,"s:65:62:65:81":11,"b:73:42:73:55:73:55:73:Infinity":2,"b:79:37:79:51:79:51:79:Infinity":3,"b:82:46:82:59:82:59:82:63":4}}}
}
